2025-02-06 17:33:43 [main] INFO  c.c.socketio.SocketIOServer -
				Session store / pubsub factory used: MemoryStoreFactory (local session store only)
2025-02-06 17:33:43 [nioEventLoopGroup-2-1] INFO  c.c.socketio.SocketIOServer -
				SocketIO server started at port: 2888
2025-02-06 17:35:59 [main] INFO  c.c.socketio.SocketIOServer -
				Session store / pubsub factory used: MemoryStoreFactory (local session store only)
2025-02-06 17:35:59 [nioEventLoopGroup-2-1] INFO  c.c.socketio.SocketIOServer -
				SocketIO server started at port: 2888
2025-02-06 17:40:17 [main] INFO  c.c.socketio.SocketIOServer -
				Session store / pubsub factory used: MemoryStoreFactory (local session store only)
2025-02-06 17:40:17 [nioEventLoopGroup-2-1] INFO  c.c.socketio.SocketIOServer -
				SocketIO server started at port: 2888
2025-02-06 17:41:02 [main] INFO  c.c.socketio.SocketIOServer -
				Session store / pubsub factory used: MemoryStoreFactory (local session store only)
2025-02-06 17:41:02 [nioEventLoopGroup-2-1] INFO  c.c.socketio.SocketIOServer -
				SocketIO server started at port: 2888
2025-02-06 17:41:38 [main] INFO  c.c.socketio.SocketIOServer -
				Session store / pubsub factory used: MemoryStoreFactory (local session store only)
2025-02-06 17:41:38 [nioEventLoopGroup-2-1] INFO  c.c.socketio.SocketIOServer -
				SocketIO server started at port: 2888
2025-02-06 17:41:52 [main] INFO  c.c.socketio.SocketIOServer -
				Session store / pubsub factory used: MemoryStoreFactory (local session store only)
2025-02-06 17:41:52 [nioEventLoopGroup-2-1] INFO  c.c.socketio.SocketIOServer -
				SocketIO server started at port: 2888
2025-02-06 17:46:44 [main] INFO  c.c.socketio.SocketIOServer -
				Session store / pubsub factory used: MemoryStoreFactory (local session store only)
2025-02-06 17:46:44 [nioEventLoopGroup-2-1] INFO  c.c.socketio.SocketIOServer -
				SocketIO server started at port: 2888
2025-02-06 19:15:09 [main] INFO  c.c.socketio.SocketIOServer -
				Session store / pubsub factory used: MemoryStoreFactory (local session store only)
2025-02-06 19:15:09 [nioEventLoopGroup-2-1] INFO  c.c.socketio.SocketIOServer -
				SocketIO server started at port: 2888
2025-02-07 16:51:36 [main] INFO  c.c.socketio.SocketIOServer -
				Session store / pubsub factory used: MemoryStoreFactory (local session store only)
2025-02-07 16:51:36 [nioEventLoopGroup-2-1] INFO  c.c.socketio.SocketIOServer -
				SocketIO server started at port: 2888
2025-02-07 17:00:50 [main] INFO  c.c.socketio.SocketIOServer -
				Session store / pubsub factory used: MemoryStoreFactory (local session store only)
2025-02-07 17:00:51 [nioEventLoopGroup-2-1] INFO  c.c.socketio.SocketIOServer -
				SocketIO server started at port: 2888
2025-02-07 17:17:22 [nioEventLoopGroup-3-28] ERROR c.c.s.l.DefaultExceptionListener -
				Connection reset
java.net.SocketException: Connection reset
	at java.base/sun.nio.ch.SocketChannelImpl.throwConnectionReset(SocketChannelImpl.java:403)
	at java.base/sun.nio.ch.SocketChannelImpl.implRead(SocketChannelImpl.java:435)
	at java.base/sun.nio.ch.SocketChannelImpl.read(SocketChannelImpl.java:493)
	at io.netty.buffer.PooledByteBuf.setBytes(PooledByteBuf.java:256)
	at io.netty.buffer.AbstractByteBuf.writeBytes(AbstractByteBuf.java:1132)
	at io.netty.channel.socket.nio.NioSocketChannel.doReadBytes(NioSocketChannel.java:357)
	at io.netty.channel.nio.AbstractNioByteChannel$NioByteUnsafe.read(AbstractNioByteChannel.java:151)
	at io.netty.channel.nio.NioEventLoop.processSelectedKey(NioEventLoop.java:788)
	at io.netty.channel.nio.NioEventLoop.processSelectedKeysOptimized(NioEventLoop.java:724)
	at io.netty.channel.nio.NioEventLoop.processSelectedKeys(NioEventLoop.java:650)
	at io.netty.channel.nio.NioEventLoop.run(NioEventLoop.java:562)
	at io.netty.util.concurrent.SingleThreadEventExecutor$4.run(SingleThreadEventExecutor.java:997)
	at io.netty.util.internal.ThreadExecutorMap$2.run(ThreadExecutorMap.java:74)
	at io.netty.util.concurrent.FastThreadLocalRunnable.run(FastThreadLocalRunnable.java:30)
	at java.base/java.lang.Thread.run(Thread.java:1570)
2025-02-07 17:18:07 [nioEventLoopGroup-3-4] ERROR c.c.s.l.DefaultExceptionListener -
				Connection reset
java.net.SocketException: Connection reset
	at java.base/sun.nio.ch.SocketChannelImpl.throwConnectionReset(SocketChannelImpl.java:403)
	at java.base/sun.nio.ch.SocketChannelImpl.implRead(SocketChannelImpl.java:435)
	at java.base/sun.nio.ch.SocketChannelImpl.read(SocketChannelImpl.java:493)
	at io.netty.buffer.PooledByteBuf.setBytes(PooledByteBuf.java:256)
	at io.netty.buffer.AbstractByteBuf.writeBytes(AbstractByteBuf.java:1132)
	at io.netty.channel.socket.nio.NioSocketChannel.doReadBytes(NioSocketChannel.java:357)
	at io.netty.channel.nio.AbstractNioByteChannel$NioByteUnsafe.read(AbstractNioByteChannel.java:151)
	at io.netty.channel.nio.NioEventLoop.processSelectedKey(NioEventLoop.java:788)
	at io.netty.channel.nio.NioEventLoop.processSelectedKeysOptimized(NioEventLoop.java:724)
	at io.netty.channel.nio.NioEventLoop.processSelectedKeys(NioEventLoop.java:650)
	at io.netty.channel.nio.NioEventLoop.run(NioEventLoop.java:562)
	at io.netty.util.concurrent.SingleThreadEventExecutor$4.run(SingleThreadEventExecutor.java:997)
	at io.netty.util.internal.ThreadExecutorMap$2.run(ThreadExecutorMap.java:74)
	at io.netty.util.concurrent.FastThreadLocalRunnable.run(FastThreadLocalRunnable.java:30)
	at java.base/java.lang.Thread.run(Thread.java:1570)
2025-02-07 17:18:07 [nioEventLoopGroup-3-32] ERROR c.c.s.l.DefaultExceptionListener -
				Connection reset
java.net.SocketException: Connection reset
	at java.base/sun.nio.ch.SocketChannelImpl.throwConnectionReset(SocketChannelImpl.java:403)
	at java.base/sun.nio.ch.SocketChannelImpl.implRead(SocketChannelImpl.java:435)
	at java.base/sun.nio.ch.SocketChannelImpl.read(SocketChannelImpl.java:493)
	at io.netty.buffer.PooledByteBuf.setBytes(PooledByteBuf.java:256)
	at io.netty.buffer.AbstractByteBuf.writeBytes(AbstractByteBuf.java:1132)
	at io.netty.channel.socket.nio.NioSocketChannel.doReadBytes(NioSocketChannel.java:357)
	at io.netty.channel.nio.AbstractNioByteChannel$NioByteUnsafe.read(AbstractNioByteChannel.java:151)
	at io.netty.channel.nio.NioEventLoop.processSelectedKey(NioEventLoop.java:788)
	at io.netty.channel.nio.NioEventLoop.processSelectedKeysOptimized(NioEventLoop.java:724)
	at io.netty.channel.nio.NioEventLoop.processSelectedKeys(NioEventLoop.java:650)
	at io.netty.channel.nio.NioEventLoop.run(NioEventLoop.java:562)
	at io.netty.util.concurrent.SingleThreadEventExecutor$4.run(SingleThreadEventExecutor.java:997)
	at io.netty.util.internal.ThreadExecutorMap$2.run(ThreadExecutorMap.java:74)
	at io.netty.util.concurrent.FastThreadLocalRunnable.run(FastThreadLocalRunnable.java:30)
	at java.base/java.lang.Thread.run(Thread.java:1570)
2025-02-07 17:22:36 [main] INFO  c.c.socketio.SocketIOServer -
				Session store / pubsub factory used: MemoryStoreFactory (local session store only)
2025-02-07 17:22:36 [nioEventLoopGroup-2-1] INFO  c.c.socketio.SocketIOServer -
				SocketIO server started at port: 2888
2025-02-07 17:49:05 [main] INFO  c.c.socketio.SocketIOServer -
				Session store / pubsub factory used: MemoryStoreFactory (local session store only)
2025-02-07 17:49:05 [nioEventLoopGroup-2-1] INFO  c.c.socketio.SocketIOServer -
				SocketIO server started at port: 2888
2025-02-07 17:55:26 [main] INFO  c.c.socketio.SocketIOServer -
				Session store / pubsub factory used: MemoryStoreFactory (local session store only)
2025-02-07 17:55:26 [nioEventLoopGroup-2-1] INFO  c.c.socketio.SocketIOServer -
				SocketIO server started at port: 2888
2025-02-07 18:03:49 [main] INFO  c.c.socketio.SocketIOServer -
				Session store / pubsub factory used: MemoryStoreFactory (local session store only)
2025-02-07 18:03:49 [nioEventLoopGroup-2-1] INFO  c.c.socketio.SocketIOServer -
				SocketIO server started at port: 2888
2025-02-07 18:04:44 [main] INFO  c.c.socketio.SocketIOServer -
				Session store / pubsub factory used: MemoryStoreFactory (local session store only)
2025-02-07 18:04:44 [nioEventLoopGroup-2-1] INFO  c.c.socketio.SocketIOServer -
				SocketIO server started at port: 2888
2025-02-07 18:07:53 [nioEventLoopGroup-3-13] ERROR c.c.s.l.DefaultExceptionListener -
				Connection reset
java.net.SocketException: Connection reset
	at java.base/sun.nio.ch.SocketChannelImpl.throwConnectionReset(SocketChannelImpl.java:403)
	at java.base/sun.nio.ch.SocketChannelImpl.implRead(SocketChannelImpl.java:435)
	at java.base/sun.nio.ch.SocketChannelImpl.read(SocketChannelImpl.java:493)
	at io.netty.buffer.PooledByteBuf.setBytes(PooledByteBuf.java:256)
	at io.netty.buffer.AbstractByteBuf.writeBytes(AbstractByteBuf.java:1132)
	at io.netty.channel.socket.nio.NioSocketChannel.doReadBytes(NioSocketChannel.java:357)
	at io.netty.channel.nio.AbstractNioByteChannel$NioByteUnsafe.read(AbstractNioByteChannel.java:151)
	at io.netty.channel.nio.NioEventLoop.processSelectedKey(NioEventLoop.java:788)
	at io.netty.channel.nio.NioEventLoop.processSelectedKeysOptimized(NioEventLoop.java:724)
	at io.netty.channel.nio.NioEventLoop.processSelectedKeys(NioEventLoop.java:650)
	at io.netty.channel.nio.NioEventLoop.run(NioEventLoop.java:562)
	at io.netty.util.concurrent.SingleThreadEventExecutor$4.run(SingleThreadEventExecutor.java:997)
	at io.netty.util.internal.ThreadExecutorMap$2.run(ThreadExecutorMap.java:74)
	at io.netty.util.concurrent.FastThreadLocalRunnable.run(FastThreadLocalRunnable.java:30)
	at java.base/java.lang.Thread.run(Thread.java:1570)
2025-02-07 18:08:04 [nioEventLoopGroup-3-16] ERROR c.c.s.l.DefaultExceptionListener -
				Connection reset
java.net.SocketException: Connection reset
	at java.base/sun.nio.ch.SocketChannelImpl.throwConnectionReset(SocketChannelImpl.java:403)
	at java.base/sun.nio.ch.SocketChannelImpl.implRead(SocketChannelImpl.java:435)
	at java.base/sun.nio.ch.SocketChannelImpl.read(SocketChannelImpl.java:493)
	at io.netty.buffer.PooledByteBuf.setBytes(PooledByteBuf.java:256)
	at io.netty.buffer.AbstractByteBuf.writeBytes(AbstractByteBuf.java:1132)
	at io.netty.channel.socket.nio.NioSocketChannel.doReadBytes(NioSocketChannel.java:357)
	at io.netty.channel.nio.AbstractNioByteChannel$NioByteUnsafe.read(AbstractNioByteChannel.java:151)
	at io.netty.channel.nio.NioEventLoop.processSelectedKey(NioEventLoop.java:788)
	at io.netty.channel.nio.NioEventLoop.processSelectedKeysOptimized(NioEventLoop.java:724)
	at io.netty.channel.nio.NioEventLoop.processSelectedKeys(NioEventLoop.java:650)
	at io.netty.channel.nio.NioEventLoop.run(NioEventLoop.java:562)
	at io.netty.util.concurrent.SingleThreadEventExecutor$4.run(SingleThreadEventExecutor.java:997)
	at io.netty.util.internal.ThreadExecutorMap$2.run(ThreadExecutorMap.java:74)
	at io.netty.util.concurrent.FastThreadLocalRunnable.run(FastThreadLocalRunnable.java:30)
	at java.base/java.lang.Thread.run(Thread.java:1570)
2025-02-07 18:10:35 [nioEventLoopGroup-3-17] ERROR c.c.s.l.DefaultExceptionListener -
				Connection reset
java.net.SocketException: Connection reset
	at java.base/sun.nio.ch.SocketChannelImpl.throwConnectionReset(SocketChannelImpl.java:403)
	at java.base/sun.nio.ch.SocketChannelImpl.implRead(SocketChannelImpl.java:435)
	at java.base/sun.nio.ch.SocketChannelImpl.read(SocketChannelImpl.java:493)
	at io.netty.buffer.PooledByteBuf.setBytes(PooledByteBuf.java:256)
	at io.netty.buffer.AbstractByteBuf.writeBytes(AbstractByteBuf.java:1132)
	at io.netty.channel.socket.nio.NioSocketChannel.doReadBytes(NioSocketChannel.java:357)
	at io.netty.channel.nio.AbstractNioByteChannel$NioByteUnsafe.read(AbstractNioByteChannel.java:151)
	at io.netty.channel.nio.NioEventLoop.processSelectedKey(NioEventLoop.java:788)
	at io.netty.channel.nio.NioEventLoop.processSelectedKeysOptimized(NioEventLoop.java:724)
	at io.netty.channel.nio.NioEventLoop.processSelectedKeys(NioEventLoop.java:650)
	at io.netty.channel.nio.NioEventLoop.run(NioEventLoop.java:562)
	at io.netty.util.concurrent.SingleThreadEventExecutor$4.run(SingleThreadEventExecutor.java:997)
	at io.netty.util.internal.ThreadExecutorMap$2.run(ThreadExecutorMap.java:74)
	at io.netty.util.concurrent.FastThreadLocalRunnable.run(FastThreadLocalRunnable.java:30)
	at java.base/java.lang.Thread.run(Thread.java:1570)
2025-02-07 18:11:47 [main] INFO  c.c.socketio.SocketIOServer -
				Session store / pubsub factory used: MemoryStoreFactory (local session store only)
2025-02-07 18:11:48 [nioEventLoopGroup-2-1] INFO  c.c.socketio.SocketIOServer -
				SocketIO server started at port: 2888
2025-02-07 18:15:44 [main] INFO  c.c.socketio.SocketIOServer -
				Session store / pubsub factory used: MemoryStoreFactory (local session store only)
2025-02-07 18:15:44 [nioEventLoopGroup-2-1] INFO  c.c.socketio.SocketIOServer -
				SocketIO server started at port: 2888
